<?xml version="1.0" encoding="UTF-8"?>
<testsuite xmlns:xsi="http://www.w3.org/2001/XMLSchema-instance" xsi:noNamespaceSchemaLocation="https://maven.apache.org/surefire/maven-surefire-plugin/xsd/surefire-test-report.xsd" version="3.0.2" name="edu.ntnu.idi.bidata.DiaryRegistryTest" time="0.163" tests="38" errors="0" skipped="0" failures="0">
  <properties>
[...]
</properties>
  <testcase name="testCreateStandardEntry" classname="edu.ntnu.idi.bidata.DiaryRegistryTest" time="0.021"/>
  <testcase name="testGetNumberOfEntries" classname="edu.ntnu.idi.bidata.DiaryRegistryTest" time="0.003"/>
  <testcase name="testFindEntriesByNullDate" classname="edu.ntnu.idi.bidata.DiaryRegistryTest" time="0.01"/>
  <testcase name="testFindEntriesByNullType" classname="edu.ntnu.idi.bidata.DiaryRegistryTest" time="0.005"/>
  <testcase name="testFindEntriesByDateNoMatches" classname="edu.ntnu.idi.bidata.DiaryRegistryTest" time="0.003"/>
  <testcase name="testFindEntriesByEmptyType" classname="edu.ntnu.idi.bidata.DiaryRegistryTest" time="0.002"/>
  <testcase name="testFindEntriesByKeywordNullKeyword" classname="edu.ntnu.idi.bidata.DiaryRegistryTest" time="0.003"/>
  <testcase name="testDeleteEntryByIdNonExistent" classname="edu.ntnu.idi.bidata.DiaryRegistryTest" time="0.002"/>
  <testcase name="testGetAllEntriesSortedDescendingEmptyRegistry" classname="edu.ntnu.idi.bidata.DiaryRegistryTest" time="0.007"/>
  <testcase name="testFindEntriesByDate" classname="edu.ntnu.idi.bidata.DiaryRegistryTest" time="0.002"/>
  <testcase name="testFindEntriesByType" classname="edu.ntnu.idi.bidata.DiaryRegistryTest" time="0.002"/>
  <testcase name="testFindEntriesByKeywordWhitespaceKeyword" classname="edu.ntnu.idi.bidata.DiaryRegistryTest" time="0.001"/>
  <testcase name="testAddEntry" classname="edu.ntnu.idi.bidata.DiaryRegistryTest" time="0.002"/>
  <testcase name="testFindEntriesByTypeNoMatches" classname="edu.ntnu.idi.bidata.DiaryRegistryTest" time="0.001"/>
  <testcase name="testFindEntriesByCategoryNoMatches" classname="edu.ntnu.idi.bidata.DiaryRegistryTest" time="0.002"/>
  <testcase name="testFindEntriesByWhitespaceType" classname="edu.ntnu.idi.bidata.DiaryRegistryTest" time="0.002"/>
  <testcase name="testFindEntriesByDateRange" classname="edu.ntnu.idi.bidata.DiaryRegistryTest" time="0.004"/>
  <testcase name="testCreateMultipleEntriesWithIncrementingIds" classname="edu.ntnu.idi.bidata.DiaryRegistryTest" time="0.001"/>
  <testcase name="testFindEntriesByCategory" classname="edu.ntnu.idi.bidata.DiaryRegistryTest" time="0.002"/>
  <testcase name="testDeleteEntryById" classname="edu.ntnu.idi.bidata.DiaryRegistryTest" time="0.001"/>
  <testcase name="testFindEntriesByWhitespaceCategory" classname="edu.ntnu.idi.bidata.DiaryRegistryTest" time="0.002"/>
  <testcase name="testFindEntriesByKeywordNoMatches" classname="edu.ntnu.idi.bidata.DiaryRegistryTest" time="0.002"/>
  <testcase name="testFindEntriesByDateRangeEndBeforeStart" classname="edu.ntnu.idi.bidata.DiaryRegistryTest" time="0.003"/>
  <testcase name="testCreateEmptyRegistry" classname="edu.ntnu.idi.bidata.DiaryRegistryTest" time="0.007"/>
  <testcase name="testFindEntriesByEmptyCategory" classname="edu.ntnu.idi.bidata.DiaryRegistryTest" time="0.004"/>
  <testcase name="testCreateFishingEntry" classname="edu.ntnu.idi.bidata.DiaryRegistryTest" time="0.002"/>
  <testcase name="testFindEntriesByDateRangeNullEndDate" classname="edu.ntnu.idi.bidata.DiaryRegistryTest" time="0.003"/>
  <testcase name="testFindEntriesByKeywordEmptyKeyword" classname="edu.ntnu.idi.bidata.DiaryRegistryTest" time="0.004"/>
  <testcase name="testFindEntriesByNullCategory" classname="edu.ntnu.idi.bidata.DiaryRegistryTest" time="0.002"/>
  <testcase name="testFindEntriesByDateRangeNullStartDate" classname="edu.ntnu.idi.bidata.DiaryRegistryTest" time="0.001"/>
  <testcase name="testFindEntryById" classname="edu.ntnu.idi.bidata.DiaryRegistryTest" time="0.002"/>
  <testcase name="testFindEntriesByKeyword" classname="edu.ntnu.idi.bidata.DiaryRegistryTest" time="0.001"/>
  <testcase name="testFindEntryByIdNonExistent" classname="edu.ntnu.idi.bidata.DiaryRegistryTest" time="0.001"/>
  <testcase name="testGetAllEntriesSortedDescending" classname="edu.ntnu.idi.bidata.DiaryRegistryTest" time="0.001"/>
  <testcase name="testFindEntriesByCategoryCaseInsensitive" classname="edu.ntnu.idi.bidata.DiaryRegistryTest" time="0.002"/>
  <testcase name="testAddNullEntry" classname="edu.ntnu.idi.bidata.DiaryRegistryTest" time="0.001"/>
  <testcase name="testCreateGymEntry" classname="edu.ntnu.idi.bidata.DiaryRegistryTest" time="0.001"/>
  <testcase name="testFindEntriesByTypeCaseInsensitive" classname="edu.ntnu.idi.bidata.DiaryRegistryTest" time="0.001"/>
</testsuite>