<?xml version="1.0" encoding="UTF-8"?>
<testsuite xmlns:xsi="http://www.w3.org/2001/XMLSchema-instance" xsi:noNamespaceSchemaLocation="https://maven.apache.org/surefire/maven-surefire-plugin/xsd/surefire-test-report-3.0.xsd" version="3.0" name="edu.ntnu.idi.bidata.FishingEntryTest" time="0.032" tests="20" errors="0" skipped="0" failures="0">
  <properties>
[...]
</properties>
  <testcase name="testCreateFishingEntryWithNullFishCaught" classname="edu.ntnu.idi.bidata.FishingEntryTest" time="0.001"/>
  <testcase name="testSetBaitUsedWithNull" classname="edu.ntnu.idi.bidata.FishingEntryTest" time="0.002"/>
  <testcase name="testCreateValidFishingEntry" classname="edu.ntnu.idi.bidata.FishingEntryTest" time="0.001"/>
  <testcase name="testCreateFishingEntryWithEmptyBaitUsed" classname="edu.ntnu.idi.bidata.FishingEntryTest" time="0.001"/>
  <testcase name="testSetLocation" classname="edu.ntnu.idi.bidata.FishingEntryTest" time="0.001"/>
  <testcase name="testSetLocationWithWhitespace" classname="edu.ntnu.idi.bidata.FishingEntryTest" time="0.001"/>
  <testcase name="testSetWeather" classname="edu.ntnu.idi.bidata.FishingEntryTest" time="0.0"/>
  <testcase name="testCreateFishingEntryWithNullWeather" classname="edu.ntnu.idi.bidata.FishingEntryTest" time="0.001"/>
  <testcase name="testSetBaitUsed" classname="edu.ntnu.idi.bidata.FishingEntryTest" time="0.001"/>
  <testcase name="testCreateFishingEntryWithWhitespaceInTemplateFields" classname="edu.ntnu.idi.bidata.FishingEntryTest" time="0.001"/>
  <testcase name="testCreateFishingEntryWithEmptyWeather" classname="edu.ntnu.idi.bidata.FishingEntryTest" time="0.001"/>
  <testcase name="testSetWeatherWithNull" classname="edu.ntnu.idi.bidata.FishingEntryTest" time="0.001"/>
  <testcase name="testCreateFishingEntryWithEmptyFishCaught" classname="edu.ntnu.idi.bidata.FishingEntryTest" time="0.001"/>
  <testcase name="testSetFishCaughtWithEmpty" classname="edu.ntnu.idi.bidata.FishingEntryTest" time="0.001"/>
  <testcase name="testCreateFishingEntryWithNullLocation" classname="edu.ntnu.idi.bidata.FishingEntryTest" time="0.001"/>
  <testcase name="testCreateFishingEntryWithNullBaitUsed" classname="edu.ntnu.idi.bidata.FishingEntryTest" time="0.001"/>
  <testcase name="testFishingEntryHasTemplateFields" classname="edu.ntnu.idi.bidata.FishingEntryTest" time="0.001"/>
  <testcase name="testSetFishCaught" classname="edu.ntnu.idi.bidata.FishingEntryTest" time="0.0"/>
  <testcase name="testCreateFishingEntryWithWhitespaceOnlyWeather" classname="edu.ntnu.idi.bidata.FishingEntryTest" time="0.001"/>
  <testcase name="testCreateFishingEntryWithEmptyLocation" classname="edu.ntnu.idi.bidata.FishingEntryTest" time="0.001"/>
</testsuite>